<?xml version="1.0" encoding="UTF-8"?>
<!-- Generated by org.testng.reporters.JUnitReportReporter -->
<testsuite skipped="0" hostname="LAMU02Z14MQLVCG.uhc.com." name="selenium.LinksTest" tests="1" failures="0" timestamp="09 Feb 2020 18:55:48 GMT" time="141.405" errors="1">
  <testcase name="testLinks" time="141.405" classname="selenium.LinksTest">
    <error type="org.openqa.selenium.WebDriverException" message="unknown error: cannot find MSEdge binary
Build info: version: &#039;3.141.59&#039;, revision: &#039;e82be7d358&#039;, time: &#039;2018-11-14T08:17:03&#039;
System info: host: &#039;LAMU02Z14MQLVCG.uhc.com.&#039;, ip: &#039;fe80:0:0:0:4cd:1ca:3773:eb5c%en0&#039;, os.name: &#039;Mac OS X&#039;, os.arch: &#039;x86_64&#039;, os.version: &#039;10.14.5&#039;, java.version: &#039;1.8.0_91&#039;
Driver info: driver.version: EdgeDriver
remote stacktrace: 0   msedgedriver                        0x000000010889bea9 msedgedriver + 13008553
1   msedgedriver                        0x00000001087dbf73 msedgedriver + 12222323
2   msedgedriver                        0x0000000107d3784f msedgedriver + 1062991
3   msedgedriver                        0x0000000107c4a1ac msedgedriver + 90540
4   msedgedriver                        0x0000000107c7b373 msedgedriver + 291699
5   msedgedriver                        0x0000000107c77a93 msedgedriver + 277139
6   msedgedriver                        0x0000000107c50f4d msedgedriver + 118605
7   msedgedriver                        0x0000000107c51f55 msedgedriver + 122709
8   msedgedriver                        0x000000010883662f msedgedriver + 12592687
9   msedgedriver                        0x0000000108848cda msedgedriver + 12668122
10  msedgedriver                        0x0000000108848a77 msedgedriver + 12667511
11  msedgedriver                        0x00000001087f74d9 msedgedriver + 12334297
12  msedgedriver                        0x0000000108849587 msedgedriver + 12670343
13  msedgedriver                        0x000000010881f897 msedgedriver + 12499095
14  msedgedriver                        0x0000000108864b04 msedgedriver + 12782340
15  msedgedriver                        0x00000001088a5467 msedgedriver + 13046887
16  libsystem_pthread.dylib             0x00007fff620172eb _pthread_body + 126
17  libsystem_pthread.dylib             0x00007fff6201a249 _pthread_start + 66
18  libsystem_pthread.dylib             0x00007fff6201640d thread_start + 13
">
      <![CDATA[org.openqa.selenium.WebDriverException: unknown error: cannot find MSEdge binary
Build info: version: '3.141.59', revision: 'e82be7d358', time: '2018-11-14T08:17:03'
System info: host: 'LAMU02Z14MQLVCG.uhc.com.', ip: 'fe80:0:0:0:4cd:1ca:3773:eb5c%en0', os.name: 'Mac OS X', os.arch: 'x86_64', os.version: '10.14.5', java.version: '1.8.0_91'
Driver info: driver.version: EdgeDriver
remote stacktrace: 0   msedgedriver                        0x000000010889bea9 msedgedriver + 13008553
1   msedgedriver                        0x00000001087dbf73 msedgedriver + 12222323
2   msedgedriver                        0x0000000107d3784f msedgedriver + 1062991
3   msedgedriver                        0x0000000107c4a1ac msedgedriver + 90540
4   msedgedriver                        0x0000000107c7b373 msedgedriver + 291699
5   msedgedriver                        0x0000000107c77a93 msedgedriver + 277139
6   msedgedriver                        0x0000000107c50f4d msedgedriver + 118605
7   msedgedriver                        0x0000000107c51f55 msedgedriver + 122709
8   msedgedriver                        0x000000010883662f msedgedriver + 12592687
9   msedgedriver                        0x0000000108848cda msedgedriver + 12668122
10  msedgedriver                        0x0000000108848a77 msedgedriver + 12667511
11  msedgedriver                        0x00000001087f74d9 msedgedriver + 12334297
12  msedgedriver                        0x0000000108849587 msedgedriver + 12670343
13  msedgedriver                        0x000000010881f897 msedgedriver + 12499095
14  msedgedriver                        0x0000000108864b04 msedgedriver + 12782340
15  msedgedriver                        0x00000001088a5467 msedgedriver + 13046887
16  libsystem_pthread.dylib             0x00007fff620172eb _pthread_body + 126
17  libsystem_pthread.dylib             0x00007fff6201a249 _pthread_start + 66
18  libsystem_pthread.dylib             0x00007fff6201640d thread_start + 13

	at sun.reflect.NativeConstructorAccessorImpl.newInstance0(Native Method)
	at sun.reflect.NativeConstructorAccessorImpl.newInstance(NativeConstructorAccessorImpl.java:62)
	at sun.reflect.DelegatingConstructorAccessorImpl.newInstance(DelegatingConstructorAccessorImpl.java:45)
	at java.lang.reflect.Constructor.newInstance(Constructor.java:423)
	at org.openqa.selenium.remote.W3CHandshakeResponse.lambda$errorHandler$0(W3CHandshakeResponse.java:62)
	at org.openqa.selenium.remote.HandshakeResponse.lambda$getResponseFunction$0(HandshakeResponse.java:30)
	at org.openqa.selenium.remote.ProtocolHandshake.lambda$createSession$0(ProtocolHandshake.java:126)
	at java.util.stream.ReferencePipeline$3$1.accept(ReferencePipeline.java:193)
	at java.util.Spliterators$ArraySpliterator.tryAdvance(Spliterators.java:958)
	at java.util.stream.ReferencePipeline.forEachWithCancel(ReferencePipeline.java:126)
	at java.util.stream.AbstractPipeline.copyIntoWithCancel(AbstractPipeline.java:498)
	at java.util.stream.AbstractPipeline.copyInto(AbstractPipeline.java:485)
	at java.util.stream.AbstractPipeline.wrapAndCopyInto(AbstractPipeline.java:471)
	at java.util.stream.FindOps$FindOp.evaluateSequential(FindOps.java:152)
	at java.util.stream.AbstractPipeline.evaluate(AbstractPipeline.java:234)
	at java.util.stream.ReferencePipeline.findFirst(ReferencePipeline.java:464)
	at org.openqa.selenium.remote.ProtocolHandshake.createSession(ProtocolHandshake.java:128)
	at org.openqa.selenium.remote.ProtocolHandshake.createSession(ProtocolHandshake.java:74)
	at org.openqa.selenium.remote.HttpCommandExecutor.execute(HttpCommandExecutor.java:136)
	at org.openqa.selenium.remote.service.DriverCommandExecutor.execute(DriverCommandExecutor.java:83)
	at org.openqa.selenium.remote.RemoteWebDriver.execute(RemoteWebDriver.java:552)
	at org.openqa.selenium.remote.RemoteWebDriver.startSession(RemoteWebDriver.java:213)
	at org.openqa.selenium.remote.RemoteWebDriver.<init>(RemoteWebDriver.java:131)
	at org.openqa.selenium.edge.EdgeDriver.<init>(EdgeDriver.java:141)
	at org.openqa.selenium.edge.EdgeDriver.<init>(EdgeDriver.java:96)
	at selenium.LinksTest.testLinks(LinksTest.java:25)
	at sun.reflect.NativeMethodAccessorImpl.invoke0(Native Method)
	at sun.reflect.NativeMethodAccessorImpl.invoke(NativeMethodAccessorImpl.java:62)
	at sun.reflect.DelegatingMethodAccessorImpl.invoke(DelegatingMethodAccessorImpl.java:43)
	at java.lang.reflect.Method.invoke(Method.java:498)
	at org.testng.internal.MethodInvocationHelper.invokeMethod(MethodInvocationHelper.java:108)
	at org.testng.internal.Invoker.invokeMethod(Invoker.java:661)
	at org.testng.internal.Invoker.invokeTestMethod(Invoker.java:869)
	at org.testng.internal.Invoker.invokeTestMethods(Invoker.java:1193)
	at org.testng.internal.TestMethodWorker.invokeTestMethods(TestMethodWorker.java:126)
	at org.testng.internal.TestMethodWorker.run(TestMethodWorker.java:109)
	at org.testng.TestRunner.privateRun(TestRunner.java:744)
	at org.testng.TestRunner.run(TestRunner.java:602)
	at org.testng.SuiteRunner.runTest(SuiteRunner.java:380)
	at org.testng.SuiteRunner.runSequentially(SuiteRunner.java:375)
	at org.testng.SuiteRunner.privateRun(SuiteRunner.java:340)
	at org.testng.SuiteRunner.run(SuiteRunner.java:289)
	at org.testng.SuiteRunnerWorker.runSuite(SuiteRunnerWorker.java:52)
	at org.testng.SuiteRunnerWorker.run(SuiteRunnerWorker.java:86)
	at org.testng.TestNG.runSuitesSequentially(TestNG.java:1301)
	at org.testng.TestNG.runSuitesLocally(TestNG.java:1226)
	at org.testng.TestNG.runSuites(TestNG.java:1144)
	at org.testng.TestNG.run(TestNG.java:1115)
	at org.testng.remote.AbstractRemoteTestNG.run(AbstractRemoteTestNG.java:132)
	at org.testng.remote.RemoteTestNG.initAndRun(RemoteTestNG.java:230)
	at org.testng.remote.RemoteTestNG.main(RemoteTestNG.java:76)
]]>
    </error>
  </testcase> <!-- testLinks -->
</testsuite> <!-- selenium.LinksTest -->
